Using pre-set license
Built from '2020.2/staging' branch; Version is '2020.2.5f1 (e2c53f129de5) revision 14861631'; Using compiler version '192528614'; Build Type 'Release'
OS: 'Windows 10 Home; OS build 18363.778; Version 1909; 64bit' Language: 'ru' Physical Memory: 8165 MB
BatchMode: 1, IsHumanControllingUs: 0, StartBugReporterOnCrash: 0, Is64bit: 1, IsPro: 0

 COMMAND LINE ARGUMENTS:
C:\Program Files\Unity\Hub\Editor\2020.2.5f1\Editor\Unity.exe
-adb2
-batchMode
-noUpm
-name
AssetImportWorker0
-projectPath
C:/Users/qzerm/Desktop/unity/Match3/Match3 Game
-logFile
Logs/AssetImportWorker0.log
-srvPort
58208
Successfully changed project path to: C:/Users/qzerm/Desktop/unity/Match3/Match3 Game
C:/Users/qzerm/Desktop/unity/Match3/Match3 Game
Using Asset Import Pipeline V2.
Refreshing native plugins compatible for Editor in 62.93 ms, found 1 plugins.
Preloading 0 native plugins for Editor in 0.00 ms.
Initialize engine version: 2020.2.5f1 (e2c53f129de5)
[Subsystems] Discovering subsystems at path C:/Program Files/Unity/Hub/Editor/2020.2.5f1/Editor/Data/Resources/UnitySubsystems
[Subsystems] Discovering subsystems at path C:/Users/qzerm/Desktop/unity/Match3/Match3 Game/Assets
GfxDevice: creating device client; threaded=0
Direct3D:
    Version:  Direct3D 11.0 [level 11.1]
    Renderer: AMD Radeon HD 7700 Series (ID=0x683d)
    Vendor:   
    VRAM:     1003 MB
    Driver:   27.20.14527.2002
Initialize mono
Mono path[0] = 'C:/Program Files/Unity/Hub/Editor/2020.2.5f1/Editor/Data/Managed'
Mono path[1] = 'C:/Program Files/Unity/Hub/Editor/2020.2.5f1/Editor/Data/MonoBleedingEdge/lib/mono/unityjit'
Mono config path = 'C:/Program Files/Unity/Hub/Editor/2020.2.5f1/Editor/Data/MonoBleedingEdge/etc'
Using monoOptions --debugger-agent=transport=dt_socket,embedding=1,server=y,suspend=n,address=127.0.0.1:56296
Begin MonoManager ReloadAssembly
Registering precompiled unity dll's ...
Register platform support module: C:/Program Files/Unity/Hub/Editor/2020.2.5f1/Editor/Data/PlaybackEngines/WindowsStandaloneSupport/UnityEditor.WindowsStandalone.Extensions.dll
Registered in 0.002864 seconds.
Native extension for WindowsStandalone target not found
Refreshing native plugins compatible for Editor in 62.88 ms, found 1 plugins.
Preloading 0 native plugins for Editor in 0.00 ms.
Invoked RoslynAnalysisRunner static constructor.
RoslynAnalysisRunner will not be running.
RoslynAnalysisRunner has terminated.
Mono: successfully reloaded assembly
- Completed reload, in  3.053 seconds
Platform modules already initialized, skipping
Registering precompiled user dll's ...
Registered in 0.001556 seconds.
Begin MonoManager ReloadAssembly
Native extension for WindowsStandalone target not found
Refreshing native plugins compatible for Editor in 62.24 ms, found 1 plugins.
Preloading 0 native plugins for Editor in 0.00 ms.
Invoked RoslynAnalysisRunner static constructor.
RoslynAnalysisRunner will not be running.
RoslynAnalysisRunner has terminated.
Mono: successfully reloaded assembly
- Completed reload, in  1.604 seconds
Platform modules already initialized, skipping
========================================================================
Worker process is ready to serve import requests
Launched and connected shader compiler UnityShaderCompiler.exe after 0.06 seconds
Refreshing native plugins compatible for Editor in 0.72 ms, found 1 plugins.
Preloading 0 native plugins for Editor in 0.00 ms.
Unloading 1846 Unused Serialized files (Serialized files now loaded: 0)
System memory in use before: 87.4 MB.
System memory in use after: 87.4 MB.

Unloading 23 unused Assets to reduce memory usage. Loaded Objects now: 2290.
Total: 5.428500 ms (FindLiveObjects: 1.320700 ms CreateObjectMapping: 0.189600 ms MarkObjects: 3.709700 ms  DeleteObjects: 0.206200 ms)

========================================================================
Received Import Request.
  path: Assets/Scenes/Game.unity
  artifactKey: Guid(2cda990e2423bbf4892e6590ba056729) Importer(815301076,1909f56bfc062723c751e8b465ee728b)
Start importing Assets/Scenes/Game.unity using Guid(2cda990e2423bbf4892e6590ba056729) Importer(815301076,1909f56bfc062723c751e8b465ee728b)  -> (artifact id: 'a63cc3fe8c78106a321e1f3323f0c9b7') in 0.031132 seconds
  Import took 0.035686 seconds .

========================================================================
Received Prepare
Refreshing native plugins compatible for Editor in 3.57 ms, found 1 plugins.
Preloading 0 native plugins for Editor in 0.00 ms.
Unloading 9 Unused Serialized files (Serialized files now loaded: 0)
System memory in use before: 50.1 MB.
System memory in use after: 50.2 MB.

Unloading 9 unused Assets to reduce memory usage. Loaded Objects now: 2290.
Total: 5.079600 ms (FindLiveObjects: 0.514000 ms CreateObjectMapping: 0.181500 ms MarkObjects: 4.221200 ms  DeleteObjects: 0.160800 ms)

========================================================================
Received Prepare
Registering precompiled user dll's ...
Registered in 0.001791 seconds.
Begin MonoManager ReloadAssembly
Native extension for WindowsStandalone target not found
Refreshing native plugins compatible for Editor in 0.74 ms, found 1 plugins.
Preloading 0 native plugins for Editor in 0.00 ms.
Invoked RoslynAnalysisRunner static constructor.
RoslynAnalysisRunner will not be running.
RoslynAnalysisRunner has terminated.
Mono: successfully reloaded assembly
- Completed reload, in  1.790 seconds
Platform modules already initialized, skipping
Refreshing native plugins compatible for Editor in 0.76 ms, found 1 plugins.
Preloading 0 native plugins for Editor in 0.00 ms.
Unloading 1827 Unused Serialized files (Serialized files now loaded: 0)
System memory in use before: 86.3 MB.
System memory in use after: 86.3 MB.

Unloading 11 unused Assets to reduce memory usage. Loaded Objects now: 2293.
Total: 5.077500 ms (FindLiveObjects: 0.634300 ms CreateObjectMapping: 0.118700 ms MarkObjects: 3.943300 ms  DeleteObjects: 0.378500 ms)

========================================================================
Received Prepare
Registering precompiled user dll's ...
Registered in 0.002214 seconds.
Begin MonoManager ReloadAssembly
Native extension for WindowsStandalone target not found
Refreshing native plugins compatible for Editor in 0.76 ms, found 1 plugins.
Preloading 0 native plugins for Editor in 0.00 ms.
Invoked RoslynAnalysisRunner static constructor.
RoslynAnalysisRunner will not be running.
RoslynAnalysisRunner has terminated.
Mono: successfully reloaded assembly
- Completed reload, in  2.060 seconds
Platform modules already initialized, skipping
Refreshing native plugins compatible for Editor in 0.72 ms, found 1 plugins.
Preloading 0 native plugins for Editor in 0.00 ms.
Unloading 1827 Unused Serialized files (Serialized files now loaded: 0)
System memory in use before: 86.3 MB.
System memory in use after: 86.3 MB.

Unloading 11 unused Assets to reduce memory usage. Loaded Objects now: 2296.
Total: 4.912100 ms (FindLiveObjects: 0.799500 ms CreateObjectMapping: 0.121700 ms MarkObjects: 3.811000 ms  DeleteObjects: 0.177000 ms)

========================================================================
Received Import Request.
  Time since last request: 336.716085 seconds.
  path: Assets/TextMesh Pro/Examples & Extras/Fonts/Anton.ttf
  artifactKey: Guid(997a43b767814dd0a7642ec9b78cba41) Importer(815301076,1909f56bfc062723c751e8b465ee728b)
Start importing Assets/TextMesh Pro/Examples & Extras/Fonts/Anton.ttf using Guid(997a43b767814dd0a7642ec9b78cba41) Importer(815301076,1909f56bfc062723c751e8b465ee728b)  -> (artifact id: 'e4d83a45e79225a1ec0a03d5c976002a') in 0.527279 seconds
  Import took 0.533269 seconds .

========================================================================
Received Import Request.
  Time since last request: 0.000105 seconds.
  path: Assets/TextMesh Pro/Examples & Extras/Fonts/Oswald-Bold.ttf
  artifactKey: Guid(c9f6d0e7bc8541498c9a4799ba184ede) Importer(815301076,1909f56bfc062723c751e8b465ee728b)
Start importing Assets/TextMesh Pro/Examples & Extras/Fonts/Oswald-Bold.ttf using Guid(c9f6d0e7bc8541498c9a4799ba184ede) Importer(815301076,1909f56bfc062723c751e8b465ee728b)  -> (artifact id: '6c1dca8c7c22cf191d46b88b9fae36a7') in 0.047007 seconds
  Import took 0.053047 seconds .

========================================================================
Received Import Request.
  Time since last request: 0.000326 seconds.
  path: Assets/TextMesh Pro/Examples & Extras/Fonts/Roboto-Bold.ttf
  artifactKey: Guid(4beb055f07aaff244873dec698d0363e) Importer(815301076,1909f56bfc062723c751e8b465ee728b)
Start importing Assets/TextMesh Pro/Examples & Extras/Fonts/Roboto-Bold.ttf using Guid(4beb055f07aaff244873dec698d0363e) Importer(815301076,1909f56bfc062723c751e8b465ee728b)  -> (artifact id: '65bd0aa5c3c2ed44bdac2ec79f2e16a3') in 0.073417 seconds
  Import took 0.078610 seconds .

========================================================================
Received Import Request.
  Time since last request: 0.000329 seconds.
  path: Assets/TextMesh Pro/Examples & Extras/Fonts/Electronic Highway Sign.TTF
  artifactKey: Guid(8a2b9e2a607dd2143b58c44bc32410b4) Importer(815301076,1909f56bfc062723c751e8b465ee728b)
Start importing Assets/TextMesh Pro/Examples & Extras/Fonts/Electronic Highway Sign.TTF using Guid(8a2b9e2a607dd2143b58c44bc32410b4) Importer(815301076,1909f56bfc062723c751e8b465ee728b)  -> (artifact id: '170b067a90ab541beff8cb3079786faa') in 0.042381 seconds
  Import took 0.046921 seconds .

========================================================================
Received Import Request.
  Time since last request: 0.000316 seconds.
  path: Assets/TextMesh Pro/Examples & Extras/Fonts/Bangers.ttf
  artifactKey: Guid(5dd49b3eacc540408c98eee0de38e0f1) Importer(815301076,1909f56bfc062723c751e8b465ee728b)
Start importing Assets/TextMesh Pro/Examples & Extras/Fonts/Bangers.ttf using Guid(5dd49b3eacc540408c98eee0de38e0f1) Importer(815301076,1909f56bfc062723c751e8b465ee728b)  -> (artifact id: 'af2accdab7b8ef0815232ff43f96d715') in 0.039931 seconds
  Import took 0.047249 seconds .

========================================================================
Received Import Request.
  Time since last request: 0.118340 seconds.
  path: Assets/TextMesh Pro/Examples & Extras/Fonts/Bangers.ttf
  artifactKey: Guid(5dd49b3eacc540408c98eee0de38e0f1) Importer(815301076,1909f56bfc062723c751e8b465ee728b)
Start importing Assets/TextMesh Pro/Examples & Extras/Fonts/Bangers.ttf using Guid(5dd49b3eacc540408c98eee0de38e0f1) Importer(815301076,1909f56bfc062723c751e8b465ee728b)  -> (artifact id: 'af2accdab7b8ef0815232ff43f96d715') in 0.024519 seconds
  Import took 0.029945 seconds .

========================================================================
Received Prepare
Registering precompiled user dll's ...
Registered in 0.001843 seconds.
Begin MonoManager ReloadAssembly
Native extension for WindowsStandalone target not found
Refreshing native plugins compatible for Editor in 0.73 ms, found 1 plugins.
Preloading 0 native plugins for Editor in 0.00 ms.
Invoked RoslynAnalysisRunner static constructor.
RoslynAnalysisRunner will not be running.
RoslynAnalysisRunner has terminated.
Mono: successfully reloaded assembly
- Completed reload, in  1.779 seconds
Platform modules already initialized, skipping
Refreshing native plugins compatible for Editor in 0.71 ms, found 1 plugins.
Preloading 0 native plugins for Editor in 0.00 ms.
Unloading 1827 Unused Serialized files (Serialized files now loaded: 0)
System memory in use before: 89.8 MB.
System memory in use after: 89.8 MB.

Unloading 11 unused Assets to reduce memory usage. Loaded Objects now: 2343.
Total: 3.834600 ms (FindLiveObjects: 0.504700 ms CreateObjectMapping: 0.118800 ms MarkObjects: 3.062100 ms  DeleteObjects: 0.146800 ms)

========================================================================
Received Prepare
Registering precompiled user dll's ...
Registered in 0.001928 seconds.
Begin MonoManager ReloadAssembly
Native extension for WindowsStandalone target not found
Refreshing native plugins compatible for Editor in 0.74 ms, found 1 plugins.
Preloading 0 native plugins for Editor in 0.00 ms.
Invoked RoslynAnalysisRunner static constructor.
RoslynAnalysisRunner will not be running.
RoslynAnalysisRunner has terminated.
Mono: successfully reloaded assembly
- Completed reload, in  1.674 seconds
Platform modules already initialized, skipping
Refreshing native plugins compatible for Editor in 0.72 ms, found 1 plugins.
Preloading 0 native plugins for Editor in 0.00 ms.
Unloading 1827 Unused Serialized files (Serialized files now loaded: 0)
System memory in use before: 89.8 MB.
System memory in use after: 89.9 MB.

Unloading 11 unused Assets to reduce memory usage. Loaded Objects now: 2346.
Total: 3.820700 ms (FindLiveObjects: 0.519300 ms CreateObjectMapping: 0.117000 ms MarkObjects: 3.026400 ms  DeleteObjects: 0.156100 ms)

========================================================================
Received Prepare
Registering precompiled user dll's ...
Registered in 0.002035 seconds.
Begin MonoManager ReloadAssembly
Native extension for WindowsStandalone target not found
Refreshing native plugins compatible for Editor in 0.75 ms, found 1 plugins.
Preloading 0 native plugins for Editor in 0.00 ms.
Invoked RoslynAnalysisRunner static constructor.
RoslynAnalysisRunner will not be running.
RoslynAnalysisRunner has terminated.
Mono: successfully reloaded assembly
- Completed reload, in  1.761 seconds
Platform modules already initialized, skipping
Refreshing native plugins compatible for Editor in 0.84 ms, found 1 plugins.
Preloading 0 native plugins for Editor in 0.00 ms.
Unloading 1827 Unused Serialized files (Serialized files now loaded: 0)
System memory in use before: 89.8 MB.
System memory in use after: 89.9 MB.

Unloading 11 unused Assets to reduce memory usage. Loaded Objects now: 2349.
Total: 3.805100 ms (FindLiveObjects: 0.486000 ms CreateObjectMapping: 0.115900 ms MarkObjects: 3.048500 ms  DeleteObjects: 0.152800 ms)

========================================================================
Received Prepare
Registering precompiled user dll's ...
Registered in 0.003052 seconds.
Begin MonoManager ReloadAssembly
Native extension for WindowsStandalone target not found
Refreshing native plugins compatible for Editor in 0.74 ms, found 1 plugins.
Preloading 0 native plugins for Editor in 0.00 ms.
Invoked RoslynAnalysisRunner static constructor.
RoslynAnalysisRunner will not be running.
RoslynAnalysisRunner has terminated.
Mono: successfully reloaded assembly
- Completed reload, in  1.809 seconds
Platform modules already initialized, skipping
Refreshing native plugins compatible for Editor in 0.71 ms, found 1 plugins.
Preloading 0 native plugins for Editor in 0.00 ms.
Unloading 1827 Unused Serialized files (Serialized files now loaded: 0)
System memory in use before: 89.9 MB.
System memory in use after: 89.9 MB.

Unloading 11 unused Assets to reduce memory usage. Loaded Objects now: 2352.
Total: 4.093400 ms (FindLiveObjects: 0.545600 ms CreateObjectMapping: 0.116800 ms MarkObjects: 3.247100 ms  DeleteObjects: 0.181700 ms)

========================================================================
Received Import Request.
  Time since last request: 435.209813 seconds.
  path: Assets/Scripts/Menu.cs
  artifactKey: Guid(c568d63fa9bd10d489c214b48c215500) Importer(815301076,1909f56bfc062723c751e8b465ee728b)
Start importing Assets/Scripts/Menu.cs using Guid(c568d63fa9bd10d489c214b48c215500) Importer(815301076,1909f56bfc062723c751e8b465ee728b)  -> (artifact id: '6e7f369f73d9c18d0c32b293241d9263') in 0.062797 seconds
  Import took 0.069426 seconds .

========================================================================
Received Prepare
Registering precompiled user dll's ...
Registered in 0.002585 seconds.
Begin MonoManager ReloadAssembly
Native extension for WindowsStandalone target not found
Refreshing native plugins compatible for Editor in 0.95 ms, found 1 plugins.
Preloading 0 native plugins for Editor in 0.00 ms.
Invoked RoslynAnalysisRunner static constructor.
RoslynAnalysisRunner will not be running.
RoslynAnalysisRunner has terminated.
Mono: successfully reloaded assembly
- Completed reload, in  1.666 seconds
Platform modules already initialized, skipping
Refreshing native plugins compatible for Editor in 0.74 ms, found 1 plugins.
Preloading 0 native plugins for Editor in 0.00 ms.
Unloading 1828 Unused Serialized files (Serialized files now loaded: 0)
System memory in use before: 89.9 MB.
System memory in use after: 89.9 MB.

Unloading 11 unused Assets to reduce memory usage. Loaded Objects now: 2356.
Total: 4.339500 ms (FindLiveObjects: 0.705400 ms CreateObjectMapping: 0.150500 ms MarkObjects: 3.318000 ms  DeleteObjects: 0.163300 ms)

========================================================================
Received Prepare
Registering precompiled user dll's ...
Registered in 0.001911 seconds.
Begin MonoManager ReloadAssembly
Native extension for WindowsStandalone target not found
Refreshing native plugins compatible for Editor in 0.76 ms, found 1 plugins.
Preloading 0 native plugins for Editor in 0.00 ms.
Invoked RoslynAnalysisRunner static constructor.
RoslynAnalysisRunner will not be running.
RoslynAnalysisRunner has terminated.
Mono: successfully reloaded assembly
- Completed reload, in  1.681 seconds
Platform modules already initialized, skipping
Refreshing native plugins compatible for Editor in 0.81 ms, found 1 plugins.
Preloading 0 native plugins for Editor in 0.00 ms.
Unloading 1828 Unused Serialized files (Serialized files now loaded: 0)
System memory in use before: 89.9 MB.
System memory in use after: 89.9 MB.

Unloading 11 unused Assets to reduce memory usage. Loaded Objects now: 2359.
Total: 4.201300 ms (FindLiveObjects: 0.662900 ms CreateObjectMapping: 0.120300 ms MarkObjects: 3.251300 ms  DeleteObjects: 0.164500 ms)

========================================================================
Received Import Request.
  Time since last request: 56.330822 seconds.
  path: Assets/Scripts/Menu.cs
  artifactKey: Guid(c568d63fa9bd10d489c214b48c215500) Importer(815301076,1909f56bfc062723c751e8b465ee728b)
Start importing Assets/Scripts/Menu.cs using Guid(c568d63fa9bd10d489c214b48c215500) Importer(815301076,1909f56bfc062723c751e8b465ee728b)  -> (artifact id: '6425aa205554b8f4af62bcc361c046f5') in 0.010688 seconds
  Import took 0.015362 seconds .

========================================================================
Received Prepare
Registering precompiled user dll's ...
Registered in 0.002177 seconds.
Begin MonoManager ReloadAssembly
Native extension for WindowsStandalone target not found
Refreshing native plugins compatible for Editor in 0.74 ms, found 1 plugins.
Preloading 0 native plugins for Editor in 0.00 ms.
Invoked RoslynAnalysisRunner static constructor.
RoslynAnalysisRunner will not be running.
RoslynAnalysisRunner has terminated.
Mono: successfully reloaded assembly
- Completed reload, in  1.815 seconds
Platform modules already initialized, skipping
Refreshing native plugins compatible for Editor in 0.75 ms, found 1 plugins.
Preloading 0 native plugins for Editor in 0.00 ms.
Unloading 1828 Unused Serialized files (Serialized files now loaded: 0)
System memory in use before: 89.9 MB.
System memory in use after: 89.9 MB.

Unloading 11 unused Assets to reduce memory usage. Loaded Objects now: 2362.
Total: 3.823100 ms (FindLiveObjects: 0.548100 ms CreateObjectMapping: 0.115200 ms MarkObjects: 3.004400 ms  DeleteObjects: 0.153900 ms)

========================================================================
Received Prepare
Registering precompiled user dll's ...
Registered in 0.002032 seconds.
Begin MonoManager ReloadAssembly
Native extension for WindowsStandalone target not found
Refreshing native plugins compatible for Editor in 0.80 ms, found 1 plugins.
Preloading 0 native plugins for Editor in 0.00 ms.
Invoked RoslynAnalysisRunner static constructor.
RoslynAnalysisRunner will not be running.
RoslynAnalysisRunner has terminated.
Mono: successfully reloaded assembly
- Completed reload, in  1.625 seconds
Platform modules already initialized, skipping
Refreshing native plugins compatible for Editor in 0.74 ms, found 1 plugins.
Preloading 0 native plugins for Editor in 0.00 ms.
Unloading 1828 Unused Serialized files (Serialized files now loaded: 0)
System memory in use before: 89.9 MB.
System memory in use after: 89.9 MB.

Unloading 11 unused Assets to reduce memory usage. Loaded Objects now: 2365.
Total: 3.899200 ms (FindLiveObjects: 0.545500 ms CreateObjectMapping: 0.117700 ms MarkObjects: 3.074300 ms  DeleteObjects: 0.159800 ms)

========================================================================
Received Prepare
Registering precompiled user dll's ...
Registered in 0.002073 seconds.
Begin MonoManager ReloadAssembly
Native extension for WindowsStandalone target not found
Refreshing native plugins compatible for Editor in 0.73 ms, found 1 plugins.
Preloading 0 native plugins for Editor in 0.00 ms.
Invoked RoslynAnalysisRunner static constructor.
RoslynAnalysisRunner will not be running.
RoslynAnalysisRunner has terminated.
Mono: successfully reloaded assembly
- Completed reload, in  1.771 seconds
Platform modules already initialized, skipping
Refreshing native plugins compatible for Editor in 0.71 ms, found 1 plugins.
Preloading 0 native plugins for Editor in 0.00 ms.
Unloading 1828 Unused Serialized files (Serialized files now loaded: 0)
System memory in use before: 89.9 MB.
System memory in use after: 89.9 MB.

Unloading 11 unused Assets to reduce memory usage. Loaded Objects now: 2368.
Total: 3.927900 ms (FindLiveObjects: 0.498100 ms CreateObjectMapping: 0.115200 ms MarkObjects: 3.155600 ms  DeleteObjects: 0.156900 ms)

========================================================================
Received Prepare
Registering precompiled user dll's ...
Registered in 0.002085 seconds.
Begin MonoManager ReloadAssembly
Native extension for WindowsStandalone target not found
Refreshing native plugins compatible for Editor in 0.74 ms, found 1 plugins.
Preloading 0 native plugins for Editor in 0.00 ms.
Invoked RoslynAnalysisRunner static constructor.
RoslynAnalysisRunner will not be running.
RoslynAnalysisRunner has terminated.
Mono: successfully reloaded assembly
- Completed reload, in  1.840 seconds
Platform modules already initialized, skipping
Refreshing native plugins compatible for Editor in 0.71 ms, found 1 plugins.
Preloading 0 native plugins for Editor in 0.00 ms.
Unloading 1828 Unused Serialized files (Serialized files now loaded: 0)
System memory in use before: 89.9 MB.
System memory in use after: 90.0 MB.

Unloading 11 unused Assets to reduce memory usage. Loaded Objects now: 2371.
Total: 4.436000 ms (FindLiveObjects: 0.863000 ms CreateObjectMapping: 0.136100 ms MarkObjects: 3.272500 ms  DeleteObjects: 0.162100 ms)

========================================================================
Received Import Request.
  Time since last request: 288.295929 seconds.
  path: Assets/Fonts(TMP)
  artifactKey: Guid(eb56424fc0dcaa94ba8da517a4fdf6fc) Importer(815301076,1909f56bfc062723c751e8b465ee728b)
Start importing Assets/Fonts(TMP) using Guid(eb56424fc0dcaa94ba8da517a4fdf6fc) Importer(815301076,1909f56bfc062723c751e8b465ee728b)  -> (artifact id: 'a772e01d8f538e6b637fa876d7a747f5') in 0.027232 seconds
  Import took 0.034015 seconds .

========================================================================
Received Prepare
Registering precompiled user dll's ...
Registered in 0.002306 seconds.
Begin MonoManager ReloadAssembly
Native extension for WindowsStandalone target not found
Refreshing native plugins compatible for Editor in 0.73 ms, found 1 plugins.
Preloading 0 native plugins for Editor in 0.00 ms.
Invoked RoslynAnalysisRunner static constructor.
RoslynAnalysisRunner will not be running.
RoslynAnalysisRunner has terminated.
Mono: successfully reloaded assembly
- Completed reload, in  1.863 seconds
Platform modules already initialized, skipping
Refreshing native plugins compatible for Editor in 0.84 ms, found 1 plugins.
Preloading 0 native plugins for Editor in 0.00 ms.
Unloading 1828 Unused Serialized files (Serialized files now loaded: 0)
System memory in use before: 89.9 MB.
System memory in use after: 90.0 MB.

Unloading 11 unused Assets to reduce memory usage. Loaded Objects now: 2374.
Total: 6.153300 ms (FindLiveObjects: 2.682000 ms CreateObjectMapping: 0.132000 ms MarkObjects: 3.157600 ms  DeleteObjects: 0.179300 ms)

========================================================================
Received Prepare
Registering precompiled user dll's ...
Registered in 0.003614 seconds.
Begin MonoManager ReloadAssembly
Native extension for WindowsStandalone target not found
Refreshing native plugins compatible for Editor in 0.74 ms, found 1 plugins.
Preloading 0 native plugins for Editor in 0.00 ms.
Invoked RoslynAnalysisRunner static constructor.
RoslynAnalysisRunner will not be running.
RoslynAnalysisRunner has terminated.
Mono: successfully reloaded assembly
- Completed reload, in  1.713 seconds
Platform modules already initialized, skipping
Refreshing native plugins compatible for Editor in 0.70 ms, found 1 plugins.
Preloading 0 native plugins for Editor in 0.00 ms.
Unloading 1828 Unused Serialized files (Serialized files now loaded: 0)
System memory in use before: 89.9 MB.
System memory in use after: 90.0 MB.

Unloading 11 unused Assets to reduce memory usage. Loaded Objects now: 2377.
Total: 3.971100 ms (FindLiveObjects: 0.601400 ms CreateObjectMapping: 0.117100 ms MarkObjects: 3.097700 ms  DeleteObjects: 0.153000 ms)

========================================================================
Received Prepare
Registering precompiled user dll's ...
Registered in 0.001730 seconds.
Begin MonoManager ReloadAssembly
Native extension for WindowsStandalone target not found
Refreshing native plugins compatible for Editor in 0.73 ms, found 1 plugins.
Preloading 0 native plugins for Editor in 0.00 ms.
Invoked RoslynAnalysisRunner static constructor.
RoslynAnalysisRunner will not be running.
RoslynAnalysisRunner has terminated.
Mono: successfully reloaded assembly
- Completed reload, in  1.662 seconds
Platform modules already initialized, skipping
Refreshing native plugins compatible for Editor in 0.72 ms, found 1 plugins.
Preloading 0 native plugins for Editor in 0.00 ms.
Unloading 1828 Unused Serialized files (Serialized files now loaded: 0)
System memory in use before: 89.9 MB.
System memory in use after: 90.0 MB.

Unloading 11 unused Assets to reduce memory usage. Loaded Objects now: 2380.
Total: 4.421600 ms (FindLiveObjects: 0.666100 ms CreateObjectMapping: 0.135800 ms MarkObjects: 3.452200 ms  DeleteObjects: 0.165200 ms)

========================================================================
Received Import Request.
  Time since last request: 295.753658 seconds.
  path: Assets/Scripts/Menu.cs
  artifactKey: Guid(c568d63fa9bd10d489c214b48c215500) Importer(815301076,1909f56bfc062723c751e8b465ee728b)
Start importing Assets/Scripts/Menu.cs using Guid(c568d63fa9bd10d489c214b48c215500) Importer(815301076,1909f56bfc062723c751e8b465ee728b)  -> (artifact id: '024277c186b59877ad496994b769b560') in 0.028401 seconds
  Import took 0.033618 seconds .

========================================================================
Received Import Request.
  Time since last request: 4.224899 seconds.
  path: Assets/Scripts/Buttons.cs
  artifactKey: Guid(c568d63fa9bd10d489c214b48c215500) Importer(815301076,1909f56bfc062723c751e8b465ee728b)
Start importing Assets/Scripts/Buttons.cs using Guid(c568d63fa9bd10d489c214b48c215500) Importer(815301076,1909f56bfc062723c751e8b465ee728b)  -> (artifact id: '8f33ad89663c863e5b7c17c36a2b6f65') in 0.022983 seconds
  Import took 0.028835 seconds .

========================================================================
Received Prepare
Registering precompiled user dll's ...
Registered in 0.002512 seconds.
Begin MonoManager ReloadAssembly
Native extension for WindowsStandalone target not found
Refreshing native plugins compatible for Editor in 0.77 ms, found 1 plugins.
Preloading 0 native plugins for Editor in 0.00 ms.
Invoked RoslynAnalysisRunner static constructor.
RoslynAnalysisRunner will not be running.
RoslynAnalysisRunner has terminated.
Mono: successfully reloaded assembly
- Completed reload, in  1.709 seconds
Platform modules already initialized, skipping
Refreshing native plugins compatible for Editor in 0.78 ms, found 1 plugins.
Preloading 0 native plugins for Editor in 0.00 ms.
Unloading 1828 Unused Serialized files (Serialized files now loaded: 0)
System memory in use before: 90.0 MB.
System memory in use after: 90.0 MB.

Unloading 11 unused Assets to reduce memory usage. Loaded Objects now: 2383.
Total: 3.956300 ms (FindLiveObjects: 0.502900 ms CreateObjectMapping: 0.116500 ms MarkObjects: 3.111500 ms  DeleteObjects: 0.223300 ms)

========================================================================
Received Import Request.
  Time since last request: 114.216023 seconds.
  path: Assets/Prefabs/iconfinder_008_-_Record_2949894.png
  artifactKey: Guid(53a0c1d09bbaa4d4e8de436b10ef0d85) Importer(815301076,1909f56bfc062723c751e8b465ee728b)
Start importing Assets/Prefabs/iconfinder_008_-_Record_2949894.png using Guid(53a0c1d09bbaa4d4e8de436b10ef0d85) Importer(815301076,1909f56bfc062723c751e8b465ee728b)  -> (artifact id: '81a39dbdc5ff976c397dd9fb16a10907') in 0.166757 seconds
  Import took 0.172784 seconds .

========================================================================
Received Import Request.
  Time since last request: 56.391576 seconds.
  path: Assets/Prefabs/iconfinder_017_-_Reload_2949899.png
  artifactKey: Guid(f43f1244202c82343b537be07ce4fdc6) Importer(815301076,1909f56bfc062723c751e8b465ee728b)
Start importing Assets/Prefabs/iconfinder_017_-_Reload_2949899.png using Guid(f43f1244202c82343b537be07ce4fdc6) Importer(815301076,1909f56bfc062723c751e8b465ee728b)  -> (artifact id: 'c07664a57e2fe80f6ed3ce18c90afd74') in 0.068616 seconds
  Import took 0.075226 seconds .

========================================================================
Received Prepare
Registering precompiled user dll's ...
Registered in 0.002426 seconds.
Begin MonoManager ReloadAssembly
Native extension for WindowsStandalone target not found
Refreshing native plugins compatible for Editor in 0.76 ms, found 1 plugins.
Preloading 0 native plugins for Editor in 0.00 ms.
Invoked RoslynAnalysisRunner static constructor.
RoslynAnalysisRunner will not be running.
RoslynAnalysisRunner has terminated.
Mono: successfully reloaded assembly
- Completed reload, in  1.677 seconds
Platform modules already initialized, skipping
Refreshing native plugins compatible for Editor in 0.76 ms, found 1 plugins.
Preloading 0 native plugins for Editor in 0.00 ms.
Unloading 1828 Unused Serialized files (Serialized files now loaded: 0)
System memory in use before: 90.0 MB.
System memory in use after: 90.0 MB.

Unloading 11 unused Assets to reduce memory usage. Loaded Objects now: 2389.
Total: 4.088900 ms (FindLiveObjects: 0.528600 ms CreateObjectMapping: 0.118100 ms MarkObjects: 3.279300 ms  DeleteObjects: 0.160600 ms)

========================================================================
Received Import Request.
  Time since last request: 112.933918 seconds.
  path: Assets/Scripts/Buttons.cs
  artifactKey: Guid(c568d63fa9bd10d489c214b48c215500) Importer(815301076,1909f56bfc062723c751e8b465ee728b)
Start importing Assets/Scripts/Buttons.cs using Guid(c568d63fa9bd10d489c214b48c215500) Importer(815301076,1909f56bfc062723c751e8b465ee728b)  -> (artifact id: 'f4458b61fdff98e5136f89c37ef560d2') in 0.017599 seconds
  Import took 0.023126 seconds .

========================================================================
Received Prepare
Registering precompiled user dll's ...
Registered in 0.001979 seconds.
Begin MonoManager ReloadAssembly
Native extension for WindowsStandalone target not found
Refreshing native plugins compatible for Editor in 0.75 ms, found 1 plugins.
Preloading 0 native plugins for Editor in 0.00 ms.
Invoked RoslynAnalysisRunner static constructor.
RoslynAnalysisRunner will not be running.
RoslynAnalysisRunner has terminated.
Mono: successfully reloaded assembly
- Completed reload, in  1.819 seconds
Platform modules already initialized, skipping
Refreshing native plugins compatible for Editor in 0.75 ms, found 1 plugins.
Preloading 0 native plugins for Editor in 0.00 ms.
Unloading 1828 Unused Serialized files (Serialized files now loaded: 0)
System memory in use before: 90.0 MB.
System memory in use after: 90.0 MB.

Unloading 11 unused Assets to reduce memory usage. Loaded Objects now: 2392.
Total: 9.423200 ms (FindLiveObjects: 2.156800 ms CreateObjectMapping: 0.178000 ms MarkObjects: 5.594500 ms  DeleteObjects: 1.489800 ms)

========================================================================
Received Prepare
Registering precompiled user dll's ...
Registered in 0.002231 seconds.
Begin MonoManager ReloadAssembly
Native extension for WindowsStandalone target not found
Refreshing native plugins compatible for Editor in 0.68 ms, found 1 plugins.
Preloading 0 native plugins for Editor in 0.00 ms.
Invoked RoslynAnalysisRunner static constructor.
RoslynAnalysisRunner will not be running.
RoslynAnalysisRunner has terminated.
Mono: successfully reloaded assembly
- Completed reload, in  1.872 seconds
Platform modules already initialized, skipping
Refreshing native plugins compatible for Editor in 0.71 ms, found 1 plugins.
Preloading 0 native plugins for Editor in 0.00 ms.
Unloading 1828 Unused Serialized files (Serialized files now loaded: 0)
System memory in use before: 90.0 MB.
System memory in use after: 90.0 MB.

Unloading 11 unused Assets to reduce memory usage. Loaded Objects now: 2395.
Total: 3.876000 ms (FindLiveObjects: 0.497600 ms CreateObjectMapping: 0.115500 ms MarkObjects: 3.092500 ms  DeleteObjects: 0.168500 ms)

========================================================================
Received Import Request.
  Time since last request: 213.423641 seconds.
  path: Assets/Scenes/Menu.unity
  artifactKey: Guid(62b812af4cd1ff44292520338315c03e) Importer(815301076,1909f56bfc062723c751e8b465ee728b)
Start importing Assets/Scenes/Menu.unity using Guid(62b812af4cd1ff44292520338315c03e) Importer(815301076,1909f56bfc062723c751e8b465ee728b)  -> (artifact id: '74b9e13a70d8fffab4cbfc12b64bf566') in 0.060106 seconds
  Import took 0.065428 seconds .

========================================================================
Received Prepare
Registering precompiled user dll's ...
Registered in 0.001720 seconds.
Begin MonoManager ReloadAssembly
Native extension for WindowsStandalone target not found
Refreshing native plugins compatible for Editor in 0.75 ms, found 1 plugins.
Preloading 0 native plugins for Editor in 0.00 ms.
Invoked RoslynAnalysisRunner static constructor.
RoslynAnalysisRunner will not be running.
RoslynAnalysisRunner has terminated.
Mono: successfully reloaded assembly
- Completed reload, in  1.805 seconds
Platform modules already initialized, skipping
Refreshing native plugins compatible for Editor in 0.70 ms, found 1 plugins.
Preloading 0 native plugins for Editor in 0.00 ms.
Unloading 1828 Unused Serialized files (Serialized files now loaded: 0)
System memory in use before: 90.0 MB.
System memory in use after: 90.1 MB.

Unloading 11 unused Assets to reduce memory usage. Loaded Objects now: 2398.
Total: 4.515900 ms (FindLiveObjects: 0.973700 ms CreateObjectMapping: 0.197800 ms MarkObjects: 3.172400 ms  DeleteObjects: 0.170100 ms)

========================================================================
Received Import Request.
  Time since last request: 102.212094 seconds.
  path: Assets/Scenes/product_select.wav
  artifactKey: Guid(4b095579be2b50d49bafc1348bc4a403) Importer(815301076,1909f56bfc062723c751e8b465ee728b)
Start importing Assets/Scenes/product_select.wav using Guid(4b095579be2b50d49bafc1348bc4a403) Importer(815301076,1909f56bfc062723c751e8b465ee728b)  -> (artifact id: '7ad99a0546a338d110d2c6b9c1f2162e') in 0.241030 seconds
  Import took 0.246031 seconds .

========================================================================
Received Import Request.
  Time since last request: 5.870139 seconds.
  path: Assets/Sounds
  artifactKey: Guid(caa44c123dffe3342980055e48e3a982) Importer(815301076,1909f56bfc062723c751e8b465ee728b)
Start importing Assets/Sounds using Guid(caa44c123dffe3342980055e48e3a982) Importer(815301076,1909f56bfc062723c751e8b465ee728b)  -> (artifact id: 'fd25551a69b93555bd4bac0093982907') in 0.025805 seconds
  Import took 0.030959 seconds .

========================================================================
Received Import Request.
  Time since last request: 24.460559 seconds.
  path: Assets/Sounds/music_loop.wav
  artifactKey: Guid(2e3512ef50b97ec4f8769ceaef41a84b) Importer(815301076,1909f56bfc062723c751e8b465ee728b)
Start importing Assets/Sounds/music_loop.wav using Guid(2e3512ef50b97ec4f8769ceaef41a84b) Importer(815301076,1909f56bfc062723c751e8b465ee728b)  -> (artifact id: '942f617d090bdd22840e21eb4543c2fc') in 0.074063 seconds
  Import took 0.082009 seconds .

========================================================================
Received Prepare
Registering precompiled user dll's ...
Registered in 0.002069 seconds.
Begin MonoManager ReloadAssembly
Native extension for WindowsStandalone target not found
Refreshing native plugins compatible for Editor in 0.73 ms, found 1 plugins.
Preloading 0 native plugins for Editor in 0.00 ms.
Invoked RoslynAnalysisRunner static constructor.
RoslynAnalysisRunner will not be running.
RoslynAnalysisRunner has terminated.
Mono: successfully reloaded assembly
- Completed reload, in  1.753 seconds
Platform modules already initialized, skipping
Refreshing native plugins compatible for Editor in 0.71 ms, found 1 plugins.
Preloading 0 native plugins for Editor in 0.00 ms.
Unloading 1828 Unused Serialized files (Serialized files now loaded: 0)
System memory in use before: 90.1 MB.
System memory in use after: 90.1 MB.

Unloading 11 unused Assets to reduce memory usage. Loaded Objects now: 2404.
Total: 3.849400 ms (FindLiveObjects: 0.508100 ms CreateObjectMapping: 0.116600 ms MarkObjects: 3.070700 ms  DeleteObjects: 0.152000 ms)

========================================================================
Received Import Request.
  Time since last request: 36.721120 seconds.
  path: Assets/Scenes/Game.unity
  artifactKey: Guid(2cda990e2423bbf4892e6590ba056729) Importer(815301076,1909f56bfc062723c751e8b465ee728b)
Start importing Assets/Scenes/Game.unity using Guid(2cda990e2423bbf4892e6590ba056729) Importer(815301076,1909f56bfc062723c751e8b465ee728b)  -> (artifact id: 'd803fda1903060eb2d0c60e3b19911e1') in 0.027331 seconds
  Import took 0.033989 seconds .

========================================================================
Received Import Request.
  Time since last request: 18.550012 seconds.
  path: Assets/Scenes/Menu.unity
  artifactKey: Guid(62b812af4cd1ff44292520338315c03e) Importer(815301076,1909f56bfc062723c751e8b465ee728b)
Start importing Assets/Scenes/Menu.unity using Guid(62b812af4cd1ff44292520338315c03e) Importer(815301076,1909f56bfc062723c751e8b465ee728b)  -> (artifact id: 'fb6983f7423e12a7a64fcd8fb4db139b') in 0.016836 seconds
  Import took 0.022320 seconds .

========================================================================
Received Prepare
Registering precompiled user dll's ...
Registered in 0.001828 seconds.
Begin MonoManager ReloadAssembly
Native extension for WindowsStandalone target not found
Refreshing native plugins compatible for Editor in 0.71 ms, found 1 plugins.
Preloading 0 native plugins for Editor in 0.00 ms.
Invoked RoslynAnalysisRunner static constructor.
RoslynAnalysisRunner will not be running.
RoslynAnalysisRunner has terminated.
Mono: successfully reloaded assembly
- Completed reload, in  1.623 seconds
Platform modules already initialized, skipping
Refreshing native plugins compatible for Editor in 0.86 ms, found 1 plugins.
Preloading 0 native plugins for Editor in 0.00 ms.
Unloading 1828 Unused Serialized files (Serialized files now loaded: 0)
System memory in use before: 90.1 MB.
System memory in use after: 90.1 MB.

Unloading 11 unused Assets to reduce memory usage. Loaded Objects now: 2407.
Total: 4.037400 ms (FindLiveObjects: 0.644400 ms CreateObjectMapping: 0.121600 ms MarkObjects: 3.112300 ms  DeleteObjects: 0.157000 ms)

========================================================================
Received Prepare
Registering precompiled user dll's ...
Registered in 0.001853 seconds.
Begin MonoManager ReloadAssembly
Native extension for WindowsStandalone target not found
Refreshing native plugins compatible for Editor in 0.77 ms, found 1 plugins.
Preloading 0 native plugins for Editor in 0.00 ms.
Invoked RoslynAnalysisRunner static constructor.
RoslynAnalysisRunner will not be running.
RoslynAnalysisRunner has terminated.
Mono: successfully reloaded assembly
- Completed reload, in  1.898 seconds
Platform modules already initialized, skipping
Refreshing native plugins compatible for Editor in 0.72 ms, found 1 plugins.
Preloading 0 native plugins for Editor in 0.00 ms.
Unloading 1828 Unused Serialized files (Serialized files now loaded: 0)
System memory in use before: 90.1 MB.
System memory in use after: 90.1 MB.

Unloading 11 unused Assets to reduce memory usage. Loaded Objects now: 2410.
Total: 3.896300 ms (FindLiveObjects: 0.543900 ms CreateObjectMapping: 0.115700 ms MarkObjects: 3.075100 ms  DeleteObjects: 0.159900 ms)

========================================================================
Received Import Request.
  Time since last request: 203.987722 seconds.
  path: Assets/Scenes/Game.unity
  artifactKey: Guid(2cda990e2423bbf4892e6590ba056729) Importer(815301076,1909f56bfc062723c751e8b465ee728b)
Start importing Assets/Scenes/Game.unity using Guid(2cda990e2423bbf4892e6590ba056729) Importer(815301076,1909f56bfc062723c751e8b465ee728b)  -> (artifact id: 'cc7ebfbe833434806b3c72d78ba26ab4') in 0.038671 seconds
  Import took 0.043981 seconds .

========================================================================
Received Prepare
Registering precompiled user dll's ...
Registered in 0.001688 seconds.
Begin MonoManager ReloadAssembly
Native extension for WindowsStandalone target not found
Refreshing native plugins compatible for Editor in 0.72 ms, found 1 plugins.
Preloading 0 native plugins for Editor in 0.00 ms.
Invoked RoslynAnalysisRunner static constructor.
RoslynAnalysisRunner will not be running.
RoslynAnalysisRunner has terminated.
Mono: successfully reloaded assembly
- Completed reload, in  1.746 seconds
Platform modules already initialized, skipping
Refreshing native plugins compatible for Editor in 0.72 ms, found 1 plugins.
Preloading 0 native plugins for Editor in 0.00 ms.
Unloading 1828 Unused Serialized files (Serialized files now loaded: 0)
System memory in use before: 90.1 MB.
System memory in use after: 90.2 MB.

Unloading 11 unused Assets to reduce memory usage. Loaded Objects now: 2413.
Total: 3.831900 ms (FindLiveObjects: 0.503100 ms CreateObjectMapping: 0.116400 ms MarkObjects: 3.051100 ms  DeleteObjects: 0.159000 ms)

========================================================================
Received Prepare
Registering precompiled user dll's ...
Registered in 0.002087 seconds.
Begin MonoManager ReloadAssembly
Native extension for WindowsStandalone target not found
Refreshing native plugins compatible for Editor in 0.73 ms, found 1 plugins.
Preloading 0 native plugins for Editor in 0.00 ms.
Invoked RoslynAnalysisRunner static constructor.
RoslynAnalysisRunner will not be running.
RoslynAnalysisRunner has terminated.
Mono: successfully reloaded assembly
- Completed reload, in  1.747 seconds
Platform modules already initialized, skipping
Refreshing native plugins compatible for Editor in 0.71 ms, found 1 plugins.
Preloading 0 native plugins for Editor in 0.00 ms.
Unloading 1828 Unused Serialized files (Serialized files now loaded: 0)
System memory in use before: 90.1 MB.
System memory in use after: 90.2 MB.

Unloading 11 unused Assets to reduce memory usage. Loaded Objects now: 2416.
Total: 3.956000 ms (FindLiveObjects: 0.542700 ms CreateObjectMapping: 0.119000 ms MarkObjects: 3.132200 ms  DeleteObjects: 0.160200 ms)

========================================================================
Received Prepare
Registering precompiled user dll's ...
Registered in 0.002040 seconds.
Begin MonoManager ReloadAssembly
Native extension for WindowsStandalone target not found
Refreshing native plugins compatible for Editor in 0.72 ms, found 1 plugins.
Preloading 0 native plugins for Editor in 0.00 ms.
Invoked RoslynAnalysisRunner static constructor.
RoslynAnalysisRunner will not be running.
RoslynAnalysisRunner has terminated.
Mono: successfully reloaded assembly
- Completed reload, in  1.655 seconds
Platform modules already initialized, skipping
Refreshing native plugins compatible for Editor in 0.72 ms, found 1 plugins.
Preloading 0 native plugins for Editor in 0.00 ms.
Unloading 1828 Unused Serialized files (Serialized files now loaded: 0)
System memory in use before: 90.1 MB.
System memory in use after: 90.2 MB.

Unloading 11 unused Assets to reduce memory usage. Loaded Objects now: 2419.
Total: 3.915600 ms (FindLiveObjects: 0.512800 ms CreateObjectMapping: 0.117400 ms MarkObjects: 3.122700 ms  DeleteObjects: 0.160800 ms)

========================================================================
Received Prepare
Registering precompiled user dll's ...
Registered in 0.001685 seconds.
Begin MonoManager ReloadAssembly
Native extension for WindowsStandalone target not found
Refreshing native plugins compatible for Editor in 0.73 ms, found 1 plugins.
Preloading 0 native plugins for Editor in 0.00 ms.
Invoked RoslynAnalysisRunner static constructor.
RoslynAnalysisRunner will not be running.
RoslynAnalysisRunner has terminated.
Mono: successfully reloaded assembly
- Completed reload, in  1.771 seconds
Platform modules already initialized, skipping
Refreshing native plugins compatible for Editor in 0.71 ms, found 1 plugins.
Preloading 0 native plugins for Editor in 0.00 ms.
Unloading 1828 Unused Serialized files (Serialized files now loaded: 0)
System memory in use before: 90.2 MB.
System memory in use after: 90.2 MB.

Unloading 11 unused Assets to reduce memory usage. Loaded Objects now: 2422.
Total: 8.410300 ms (FindLiveObjects: 0.494000 ms CreateObjectMapping: 0.115500 ms MarkObjects: 7.489400 ms  DeleteObjects: 0.308700 ms)

========================================================================
Received Prepare
Registering precompiled user dll's ...
Registered in 0.001770 seconds.
Begin MonoManager ReloadAssembly
Native extension for WindowsStandalone target not found
Refreshing native plugins compatible for Editor in 0.74 ms, found 1 plugins.
Preloading 0 native plugins for Editor in 0.00 ms.
Invoked RoslynAnalysisRunner static constructor.
RoslynAnalysisRunner will not be running.
RoslynAnalysisRunner has terminated.
Mono: successfully reloaded assembly
- Completed reload, in  1.617 seconds
Platform modules already initialized, skipping
Refreshing native plugins compatible for Editor in 0.71 ms, found 1 plugins.
Preloading 0 native plugins for Editor in 0.00 ms.
Unloading 1828 Unused Serialized files (Serialized files now loaded: 0)
System memory in use before: 90.2 MB.
System memory in use after: 90.2 MB.

Unloading 11 unused Assets to reduce memory usage. Loaded Objects now: 2425.
Total: 3.983600 ms (FindLiveObjects: 0.486700 ms CreateObjectMapping: 0.117600 ms MarkObjects: 3.213000 ms  DeleteObjects: 0.164400 ms)

========================================================================
Received Prepare
Registering precompiled user dll's ...
Registered in 0.001706 seconds.
Begin MonoManager ReloadAssembly
Native extension for WindowsStandalone target not found
Refreshing native plugins compatible for Editor in 0.72 ms, found 1 plugins.
Preloading 0 native plugins for Editor in 0.00 ms.
Invoked RoslynAnalysisRunner static constructor.
RoslynAnalysisRunner will not be running.
RoslynAnalysisRunner has terminated.
Mono: successfully reloaded assembly
- Completed reload, in  1.798 seconds
Platform modules already initialized, skipping
Refreshing native plugins compatible for Editor in 0.71 ms, found 1 plugins.
Preloading 0 native plugins for Editor in 0.00 ms.
Unloading 1828 Unused Serialized files (Serialized files now loaded: 0)
System memory in use before: 90.2 MB.
System memory in use after: 90.2 MB.

Unloading 11 unused Assets to reduce memory usage. Loaded Objects now: 2428.
Total: 3.928700 ms (FindLiveObjects: 0.489200 ms CreateObjectMapping: 0.117100 ms MarkObjects: 3.164200 ms  DeleteObjects: 0.155200 ms)

========================================================================
Received Import Request.
  Time since last request: 299.453559 seconds.
  path: Assets/Scripts/FruitContoller.cs
  artifactKey: Guid(29a528751a0ab5740ae85b2c768c4261) Importer(815301076,1909f56bfc062723c751e8b465ee728b)
Start importing Assets/Scripts/FruitContoller.cs using Guid(29a528751a0ab5740ae85b2c768c4261) Importer(815301076,1909f56bfc062723c751e8b465ee728b)  -> (artifact id: '1d5a45df18bf186e11fd8d68d91860b2') in 0.015095 seconds
  Import took 0.021600 seconds .

========================================================================
Received Prepare
Registering precompiled user dll's ...
Registered in 0.002004 seconds.
Begin MonoManager ReloadAssembly
Native extension for WindowsStandalone target not found
Refreshing native plugins compatible for Editor in 0.77 ms, found 1 plugins.
Preloading 0 native plugins for Editor in 0.00 ms.
Invoked RoslynAnalysisRunner static constructor.
RoslynAnalysisRunner will not be running.
RoslynAnalysisRunner has terminated.
Mono: successfully reloaded assembly
- Completed reload, in  1.636 seconds
Platform modules already initialized, skipping
Refreshing native plugins compatible for Editor in 0.69 ms, found 1 plugins.
Preloading 0 native plugins for Editor in 0.00 ms.
Unloading 1828 Unused Serialized files (Serialized files now loaded: 0)
System memory in use before: 90.2 MB.
System memory in use after: 90.2 MB.

Unloading 11 unused Assets to reduce memory usage. Loaded Objects now: 2431.
Total: 3.854600 ms (FindLiveObjects: 0.501900 ms CreateObjectMapping: 0.115500 ms MarkObjects: 3.077500 ms  DeleteObjects: 0.157700 ms)

========================================================================
Received Prepare
Registering precompiled user dll's ...
Registered in 0.002311 seconds.
Begin MonoManager ReloadAssembly
Native extension for WindowsStandalone target not found
Refreshing native plugins compatible for Editor in 0.73 ms, found 1 plugins.
Preloading 0 native plugins for Editor in 0.00 ms.
Invoked RoslynAnalysisRunner static constructor.
RoslynAnalysisRunner will not be running.
RoslynAnalysisRunner has terminated.
Mono: successfully reloaded assembly
- Completed reload, in  1.618 seconds
Platform modules already initialized, skipping
Refreshing native plugins compatible for Editor in 0.73 ms, found 1 plugins.
Preloading 0 native plugins for Editor in 0.00 ms.
Unloading 1828 Unused Serialized files (Serialized files now loaded: 0)
System memory in use before: 90.2 MB.
System memory in use after: 90.2 MB.

Unloading 11 unused Assets to reduce memory usage. Loaded Objects now: 2434.
Total: 3.990600 ms (FindLiveObjects: 0.513500 ms CreateObjectMapping: 0.123000 ms MarkObjects: 3.192400 ms  DeleteObjects: 0.159600 ms)

========================================================================
Received Import Request.
  Time since last request: 275.368154 seconds.
  path: Assets/Scripts/GameController.cs
  artifactKey: Guid(74a5c54bfeca48c46a8f19389639d0bb) Importer(815301076,1909f56bfc062723c751e8b465ee728b)
Start importing Assets/Scripts/GameController.cs using Guid(74a5c54bfeca48c46a8f19389639d0bb) Importer(815301076,1909f56bfc062723c751e8b465ee728b)  -> (artifact id: '17e9be8623b91d7588dc6288b44fbd7d') in 0.032291 seconds
  Import took 0.038364 seconds .

========================================================================
Received Import Request.
  Time since last request: 0.006794 seconds.
  path: Assets/Scripts/GameController.cs
  artifactKey: Guid(74a5c54bfeca48c46a8f19389639d0bb) Importer(815301076,1909f56bfc062723c751e8b465ee728b)
Start importing Assets/Scripts/GameController.cs using Guid(74a5c54bfeca48c46a8f19389639d0bb) Importer(815301076,1909f56bfc062723c751e8b465ee728b)  -> (artifact id: '17e9be8623b91d7588dc6288b44fbd7d') in 0.180516 seconds
  Import took 0.185950 seconds .

========================================================================
Received Prepare
Registering precompiled user dll's ...
Registered in 0.001802 seconds.
Begin MonoManager ReloadAssembly
Native extension for WindowsStandalone target not found
Refreshing native plugins compatible for Editor in 0.73 ms, found 1 plugins.
Preloading 0 native plugins for Editor in 0.00 ms.
Invoked RoslynAnalysisRunner static constructor.
RoslynAnalysisRunner will not be running.
RoslynAnalysisRunner has terminated.
Mono: successfully reloaded assembly
- Completed reload, in  1.841 seconds
Platform modules already initialized, skipping
Refreshing native plugins compatible for Editor in 0.70 ms, found 1 plugins.
Preloading 0 native plugins for Editor in 0.00 ms.
Unloading 1828 Unused Serialized files (Serialized files now loaded: 0)
System memory in use before: 90.2 MB.
System memory in use after: 90.2 MB.

Unloading 11 unused Assets to reduce memory usage. Loaded Objects now: 2437.
Total: 3.839700 ms (FindLiveObjects: 0.496300 ms CreateObjectMapping: 0.117200 ms MarkObjects: 3.066200 ms  DeleteObjects: 0.158400 ms)

========================================================================
Received Import Request.
  Time since last request: 90.020780 seconds.
  path: Assets/Scenes/Menu.unity
  artifactKey: Guid(62b812af4cd1ff44292520338315c03e) Importer(815301076,1909f56bfc062723c751e8b465ee728b)
Start importing Assets/Scenes/Menu.unity using Guid(62b812af4cd1ff44292520338315c03e) Importer(815301076,1909f56bfc062723c751e8b465ee728b)  -> (artifact id: 'e8f7095a21cf41df155d9847ce5a7ad5') in 0.026843 seconds
  Import took 0.035136 seconds .

========================================================================
Received Prepare
Registering precompiled user dll's ...
Registered in 0.001661 seconds.
Begin MonoManager ReloadAssembly
Native extension for WindowsStandalone target not found
Refreshing native plugins compatible for Editor in 0.73 ms, found 1 plugins.
Preloading 0 native plugins for Editor in 0.00 ms.
Invoked RoslynAnalysisRunner static constructor.
RoslynAnalysisRunner will not be running.
RoslynAnalysisRunner has terminated.
Mono: successfully reloaded assembly
- Completed reload, in  1.717 seconds
Platform modules already initialized, skipping
Refreshing native plugins compatible for Editor in 0.70 ms, found 1 plugins.
Preloading 0 native plugins for Editor in 0.00 ms.
Unloading 1828 Unused Serialized files (Serialized files now loaded: 0)
System memory in use before: 90.2 MB.
System memory in use after: 90.2 MB.

Unloading 11 unused Assets to reduce memory usage. Loaded Objects now: 2440.
Total: 4.415900 ms (FindLiveObjects: 0.787300 ms CreateObjectMapping: 0.158000 ms MarkObjects: 3.306700 ms  DeleteObjects: 0.162000 ms)

========================================================================
Received Prepare
Registering precompiled user dll's ...
Registered in 0.001752 seconds.
Begin MonoManager ReloadAssembly
Native extension for WindowsStandalone target not found
Refreshing native plugins compatible for Editor in 0.73 ms, found 1 plugins.
Preloading 0 native plugins for Editor in 0.00 ms.
Invoked RoslynAnalysisRunner static constructor.
RoslynAnalysisRunner will not be running.
RoslynAnalysisRunner has terminated.
Mono: successfully reloaded assembly
- Completed reload, in  1.691 seconds
Platform modules already initialized, skipping
Refreshing native plugins compatible for Editor in 0.73 ms, found 1 plugins.
Preloading 0 native plugins for Editor in 0.00 ms.
Unloading 1828 Unused Serialized files (Serialized files now loaded: 0)
System memory in use before: 90.2 MB.
System memory in use after: 90.2 MB.

Unloading 11 unused Assets to reduce memory usage. Loaded Objects now: 2443.
Total: 3.964000 ms (FindLiveObjects: 0.530400 ms CreateObjectMapping: 0.115900 ms MarkObjects: 3.155000 ms  DeleteObjects: 0.161000 ms)

========================================================================
Received Prepare
Registering precompiled user dll's ...
Registered in 0.001761 seconds.
Begin MonoManager ReloadAssembly
Native extension for WindowsStandalone target not found
Refreshing native plugins compatible for Editor in 0.75 ms, found 1 plugins.
Preloading 0 native plugins for Editor in 0.00 ms.
Invoked RoslynAnalysisRunner static constructor.
RoslynAnalysisRunner will not be running.
RoslynAnalysisRunner has terminated.
Mono: successfully reloaded assembly
- Completed reload, in  1.656 seconds
Platform modules already initialized, skipping
Refreshing native plugins compatible for Editor in 0.71 ms, found 1 plugins.
Preloading 0 native plugins for Editor in 0.00 ms.
Unloading 1828 Unused Serialized files (Serialized files now loaded: 0)
System memory in use before: 90.2 MB.
System memory in use after: 90.3 MB.

Unloading 11 unused Assets to reduce memory usage. Loaded Objects now: 2446.
Total: 3.816900 ms (FindLiveObjects: 0.533300 ms CreateObjectMapping: 0.130900 ms MarkObjects: 2.992400 ms  DeleteObjects: 0.157000 ms)

========================================================================
Received Prepare
Registering precompiled user dll's ...
Registered in 0.001771 seconds.
Begin MonoManager ReloadAssembly
Native extension for WindowsStandalone target not found
Refreshing native plugins compatible for Editor in 0.78 ms, found 1 plugins.
Preloading 0 native plugins for Editor in 0.00 ms.
Invoked RoslynAnalysisRunner static constructor.
RoslynAnalysisRunner will not be running.
RoslynAnalysisRunner has terminated.
Mono: successfully reloaded assembly
- Completed reload, in  1.651 seconds
Platform modules already initialized, skipping
Refreshing native plugins compatible for Editor in 0.70 ms, found 1 plugins.
Preloading 0 native plugins for Editor in 0.00 ms.
Unloading 1828 Unused Serialized files (Serialized files now loaded: 0)
System memory in use before: 90.2 MB.
System memory in use after: 90.3 MB.

Unloading 11 unused Assets to reduce memory usage. Loaded Objects now: 2449.
Total: 3.905200 ms (FindLiveObjects: 0.573300 ms CreateObjectMapping: 0.123800 ms MarkObjects: 3.047900 ms  DeleteObjects: 0.157500 ms)

========================================================================
Received Prepare
Registering precompiled user dll's ...
Registered in 0.001769 seconds.
Begin MonoManager ReloadAssembly
Native extension for WindowsStandalone target not found
Refreshing native plugins compatible for Editor in 0.75 ms, found 1 plugins.
Preloading 0 native plugins for Editor in 0.00 ms.
Invoked RoslynAnalysisRunner static constructor.
RoslynAnalysisRunner will not be running.
RoslynAnalysisRunner has terminated.
Mono: successfully reloaded assembly
- Completed reload, in  1.697 seconds
Platform modules already initialized, skipping
Refreshing native plugins compatible for Editor in 0.71 ms, found 1 plugins.
Preloading 0 native plugins for Editor in 0.00 ms.
Unloading 1828 Unused Serialized files (Serialized files now loaded: 0)
System memory in use before: 90.2 MB.
System memory in use after: 90.3 MB.

Unloading 11 unused Assets to reduce memory usage. Loaded Objects now: 2452.
Total: 3.854100 ms (FindLiveObjects: 0.495700 ms CreateObjectMapping: 0.120600 ms MarkObjects: 3.073800 ms  DeleteObjects: 0.162000 ms)

========================================================================
Received Prepare
Registering precompiled user dll's ...
Registered in 0.002020 seconds.
Begin MonoManager ReloadAssembly
Native extension for WindowsStandalone target not found
Refreshing native plugins compatible for Editor in 0.73 ms, found 1 plugins.
Preloading 0 native plugins for Editor in 0.00 ms.
Invoked RoslynAnalysisRunner static constructor.
RoslynAnalysisRunner will not be running.
RoslynAnalysisRunner has terminated.
Mono: successfully reloaded assembly
- Completed reload, in  1.741 seconds
Platform modules already initialized, skipping
Refreshing native plugins compatible for Editor in 0.71 ms, found 1 plugins.
Preloading 0 native plugins for Editor in 0.00 ms.
Unloading 1828 Unused Serialized files (Serialized files now loaded: 0)
System memory in use before: 90.2 MB.
System memory in use after: 90.3 MB.

Unloading 11 unused Assets to reduce memory usage. Loaded Objects now: 2455.
Total: 3.948000 ms (FindLiveObjects: 0.548400 ms CreateObjectMapping: 0.118800 ms MarkObjects: 3.112700 ms  DeleteObjects: 0.166200 ms)

========================================================================
Received Prepare
Registering precompiled user dll's ...
Registered in 0.003952 seconds.
Begin MonoManager ReloadAssembly
Native extension for WindowsStandalone target not found
Refreshing native plugins compatible for Editor in 0.72 ms, found 1 plugins.
Preloading 0 native plugins for Editor in 0.00 ms.
Invoked RoslynAnalysisRunner static constructor.
RoslynAnalysisRunner will not be running.
RoslynAnalysisRunner has terminated.
Mono: successfully reloaded assembly
- Completed reload, in  1.793 seconds
Platform modules already initialized, skipping
Refreshing native plugins compatible for Editor in 0.70 ms, found 1 plugins.
Preloading 0 native plugins for Editor in 0.00 ms.
Unloading 1828 Unused Serialized files (Serialized files now loaded: 0)
System memory in use before: 90.3 MB.
System memory in use after: 90.3 MB.

Unloading 11 unused Assets to reduce memory usage. Loaded Objects now: 2458.
Total: 4.090700 ms (FindLiveObjects: 0.576400 ms CreateObjectMapping: 0.118400 ms MarkObjects: 3.080400 ms  DeleteObjects: 0.313300 ms)

========================================================================
Received Prepare
Registering precompiled user dll's ...
Registered in 0.001728 seconds.
Begin MonoManager ReloadAssembly
Native extension for WindowsStandalone target not found
Refreshing native plugins compatible for Editor in 0.73 ms, found 1 plugins.
Preloading 0 native plugins for Editor in 0.00 ms.
Invoked RoslynAnalysisRunner static constructor.
RoslynAnalysisRunner will not be running.
RoslynAnalysisRunner has terminated.
Mono: successfully reloaded assembly
- Completed reload, in  1.922 seconds
Platform modules already initialized, skipping
Refreshing native plugins compatible for Editor in 0.72 ms, found 1 plugins.
Preloading 0 native plugins for Editor in 0.00 ms.
Unloading 1828 Unused Serialized files (Serialized files now loaded: 0)
System memory in use before: 90.3 MB.
System memory in use after: 90.3 MB.

Unloading 11 unused Assets to reduce memory usage. Loaded Objects now: 2461.
Total: 4.794000 ms (FindLiveObjects: 0.564200 ms CreateObjectMapping: 0.115000 ms MarkObjects: 3.942700 ms  DeleteObjects: 0.169600 ms)

========================================================================
Received Prepare
Registering precompiled user dll's ...
Registered in 0.001718 seconds.
Begin MonoManager ReloadAssembly
Native extension for WindowsStandalone target not found
Refreshing native plugins compatible for Editor in 0.77 ms, found 1 plugins.
Preloading 0 native plugins for Editor in 0.00 ms.
Invoked RoslynAnalysisRunner static constructor.
RoslynAnalysisRunner will not be running.
RoslynAnalysisRunner has terminated.
Mono: successfully reloaded assembly
- Completed reload, in  1.596 seconds
Platform modules already initialized, skipping
Refreshing native plugins compatible for Editor in 0.72 ms, found 1 plugins.
Preloading 0 native plugins for Editor in 0.00 ms.
Unloading 1828 Unused Serialized files (Serialized files now loaded: 0)
System memory in use before: 90.3 MB.
System memory in use after: 90.3 MB.

Unloading 11 unused Assets to reduce memory usage. Loaded Objects now: 2464.
Total: 4.394000 ms (FindLiveObjects: 0.588000 ms CreateObjectMapping: 0.121700 ms MarkObjects: 3.519500 ms  DeleteObjects: 0.162700 ms)

========================================================================
Received Prepare
Registering precompiled user dll's ...
Registered in 0.001695 seconds.
Begin MonoManager ReloadAssembly
Native extension for WindowsStandalone target not found
Refreshing native plugins compatible for Editor in 0.73 ms, found 1 plugins.
Preloading 0 native plugins for Editor in 0.00 ms.
Invoked RoslynAnalysisRunner static constructor.
RoslynAnalysisRunner will not be running.
RoslynAnalysisRunner has terminated.
Mono: successfully reloaded assembly
- Completed reload, in  1.686 seconds
Platform modules already initialized, skipping
Refreshing native plugins compatible for Editor in 0.77 ms, found 1 plugins.
Preloading 0 native plugins for Editor in 0.00 ms.
Unloading 1828 Unused Serialized files (Serialized files now loaded: 0)
System memory in use before: 90.3 MB.
System memory in use after: 90.3 MB.

Unloading 11 unused Assets to reduce memory usage. Loaded Objects now: 2467.
Total: 4.098800 ms (FindLiveObjects: 0.557600 ms CreateObjectMapping: 0.121300 ms MarkObjects: 3.246900 ms  DeleteObjects: 0.170700 ms)

========================================================================
Received Import Request.
  Time since last request: 2419.909900 seconds.
  path: Assets/Scenes/Game.unity
  artifactKey: Guid(2cda990e2423bbf4892e6590ba056729) Importer(815301076,1909f56bfc062723c751e8b465ee728b)
Start importing Assets/Scenes/Game.unity using Guid(2cda990e2423bbf4892e6590ba056729) Importer(815301076,1909f56bfc062723c751e8b465ee728b)  -> (artifact id: '1c715fe96a85fb4b79be80f976888dc2') in 0.036532 seconds
  Import took 0.042967 seconds .

========================================================================
Received Prepare
Registering precompiled user dll's ...
Registered in 0.001876 seconds.
Begin MonoManager ReloadAssembly
Native extension for WindowsStandalone target not found
Refreshing native plugins compatible for Editor in 0.72 ms, found 1 plugins.
Preloading 0 native plugins for Editor in 0.00 ms.
Invoked RoslynAnalysisRunner static constructor.
RoslynAnalysisRunner will not be running.
RoslynAnalysisRunner has terminated.
Mono: successfully reloaded assembly
- Completed reload, in  1.681 seconds
Platform modules already initialized, skipping
Refreshing native plugins compatible for Editor in 0.71 ms, found 1 plugins.
Preloading 0 native plugins for Editor in 0.00 ms.
Unloading 1828 Unused Serialized files (Serialized files now loaded: 0)
System memory in use before: 90.3 MB.
System memory in use after: 90.3 MB.

Unloading 11 unused Assets to reduce memory usage. Loaded Objects now: 2470.
Total: 4.105100 ms (FindLiveObjects: 0.551300 ms CreateObjectMapping: 0.119700 ms MarkObjects: 3.275700 ms  DeleteObjects: 0.156900 ms)

========================================================================
Received Prepare
Registering precompiled user dll's ...
Registered in 0.002047 seconds.
Begin MonoManager ReloadAssembly
Native extension for WindowsStandalone target not found
Refreshing native plugins compatible for Editor in 0.73 ms, found 1 plugins.
Preloading 0 native plugins for Editor in 0.00 ms.
Invoked RoslynAnalysisRunner static constructor.
RoslynAnalysisRunner will not be running.
RoslynAnalysisRunner has terminated.
Mono: successfully reloaded assembly
- Completed reload, in  1.882 seconds
Platform modules already initialized, skipping
Refreshing native plugins compatible for Editor in 0.71 ms, found 1 plugins.
Preloading 0 native plugins for Editor in 0.00 ms.
Unloading 1828 Unused Serialized files (Serialized files now loaded: 0)
System memory in use before: 90.3 MB.
System memory in use after: 90.3 MB.

Unloading 11 unused Assets to reduce memory usage. Loaded Objects now: 2473.
Total: 3.892700 ms (FindLiveObjects: 0.514400 ms CreateObjectMapping: 0.115600 ms MarkObjects: 3.106000 ms  DeleteObjects: 0.155000 ms)

========================================================================
Received Prepare
Registering precompiled user dll's ...
Registered in 0.001776 seconds.
Begin MonoManager ReloadAssembly
Native extension for WindowsStandalone target not found
Refreshing native plugins compatible for Editor in 0.72 ms, found 1 plugins.
Preloading 0 native plugins for Editor in 0.00 ms.
Invoked RoslynAnalysisRunner static constructor.
RoslynAnalysisRunner will not be running.
RoslynAnalysisRunner has terminated.
Mono: successfully reloaded assembly
- Completed reload, in  1.978 seconds
Platform modules already initialized, skipping
Refreshing native plugins compatible for Editor in 0.71 ms, found 1 plugins.
Preloading 0 native plugins for Editor in 0.00 ms.
Unloading 1828 Unused Serialized files (Serialized files now loaded: 0)
System memory in use before: 90.3 MB.
System memory in use after: 90.3 MB.

Unloading 11 unused Assets to reduce memory usage. Loaded Objects now: 2476.
Total: 4.562400 ms (FindLiveObjects: 0.638500 ms CreateObjectMapping: 0.122600 ms MarkObjects: 3.612700 ms  DeleteObjects: 0.185900 ms)

========================================================================
Received Prepare
Refreshing native plugins compatible for Editor in 3.64 ms, found 1 plugins.
Preloading 0 native plugins for Editor in 0.00 ms.
Unloading 9 Unused Serialized files (Serialized files now loaded: 0)
System memory in use before: 54.4 MB.
System memory in use after: 54.4 MB.

Unloading 9 unused Assets to reduce memory usage. Loaded Objects now: 2476.
Total: 4.394900 ms (FindLiveObjects: 0.575000 ms CreateObjectMapping: 0.119300 ms MarkObjects: 3.516800 ms  DeleteObjects: 0.181100 ms)

========================================================================
Received Prepare
Refreshing native plugins compatible for Editor in 3.09 ms, found 1 plugins.
Preloading 0 native plugins for Editor in 0.00 ms.
Unloading 9 Unused Serialized files (Serialized files now loaded: 0)
System memory in use before: 54.4 MB.
System memory in use after: 54.4 MB.

Unloading 9 unused Assets to reduce memory usage. Loaded Objects now: 2476.
Total: 4.127000 ms (FindLiveObjects: 0.662900 ms CreateObjectMapping: 0.125900 ms MarkObjects: 3.173700 ms  DeleteObjects: 0.162900 ms)

========================================================================
Received Prepare
Refreshing native plugins compatible for Editor in 3.03 ms, found 1 plugins.
Preloading 0 native plugins for Editor in 0.00 ms.
Unloading 9 Unused Serialized files (Serialized files now loaded: 0)
System memory in use before: 54.4 MB.
System memory in use after: 54.4 MB.

Unloading 9 unused Assets to reduce memory usage. Loaded Objects now: 2476.
Total: 4.322600 ms (FindLiveObjects: 0.708900 ms CreateObjectMapping: 0.257000 ms MarkObjects: 3.192900 ms  DeleteObjects: 0.161500 ms)

========================================================================
Received Prepare
Refreshing native plugins compatible for Editor in 3.18 ms, found 1 plugins.
Preloading 0 native plugins for Editor in 0.00 ms.
Unloading 9 Unused Serialized files (Serialized files now loaded: 0)
System memory in use before: 54.4 MB.
System memory in use after: 54.4 MB.

Unloading 9 unused Assets to reduce memory usage. Loaded Objects now: 2476.
Total: 4.341400 ms (FindLiveObjects: 0.767200 ms CreateObjectMapping: 0.125900 ms MarkObjects: 3.283100 ms  DeleteObjects: 0.163200 ms)

========================================================================
Received Prepare
Refreshing native plugins compatible for Editor in 2.96 ms, found 1 plugins.
Preloading 0 native plugins for Editor in 0.00 ms.
Unloading 9 Unused Serialized files (Serialized files now loaded: 0)
System memory in use before: 54.4 MB.
System memory in use after: 54.4 MB.

Unloading 9 unused Assets to reduce memory usage. Loaded Objects now: 2476.
Total: 4.012200 ms (FindLiveObjects: 0.639200 ms CreateObjectMapping: 0.121600 ms MarkObjects: 3.091500 ms  DeleteObjects: 0.157700 ms)

AssetImportWorkerClient::OnTransportError - code=2 error=End of file
